Analysis & Synthesis report for UART_LOOPBACK_CYC1000
Sat Aug 28 17:05:15 2021
Quartus II 64-Bit Version 12.1 Build 177 11/07/2012 SJ Web Edition


---------------------
; Table of Contents ;
---------------------
  1. Legal Notice
  2. Analysis & Synthesis Summary
  3. Analysis & Synthesis Settings
  4. Parallel Compilation
  5. Analysis & Synthesis Messages



----------------
; Legal Notice ;
----------------
Copyright (C) 1991-2012 Altera Corporation
Your use of Altera Corporation's design tools, logic functions 
and other software and tools, and its AMPP partner logic 
functions, and any output files from any of the foregoing 
(including device programming or simulation files), and any 
associated documentation or information are expressly subject 
to the terms and conditions of the Altera Program License 
Subscription Agreement, Altera MegaCore Function License 
Agreement, or other applicable license agreement, including, 
without limitation, that your use is for the sole purpose of 
programming logic devices manufactured by Altera and sold by 
Altera or its authorized distributors.  Please refer to the 
applicable agreement for further details.



+-------------------------------------------------------------------------------+
; Analysis & Synthesis Summary                                                  ;
+------------------------------------+------------------------------------------+
; Analysis & Synthesis Status        ; Failed - Sat Aug 28 17:05:15 2021        ;
; Quartus II 64-Bit Version          ; 12.1 Build 177 11/07/2012 SJ Web Edition ;
; Revision Name                      ; UART_LOOPBACK_CYC1000                    ;
; Top-level Entity Name              ; UART_LOOPBACK_CYC1000                    ;
; Family                             ; Cyclone II                               ;
; Total logic elements               ; N/A until Partition Merge                ;
;     Total combinational functions  ; N/A until Partition Merge                ;
;     Dedicated logic registers      ; N/A until Partition Merge                ;
; Total registers                    ; N/A until Partition Merge                ;
; Total pins                         ; N/A until Partition Merge                ;
; Total virtual pins                 ; N/A until Partition Merge                ;
; Total memory bits                  ; N/A until Partition Merge                ;
; Embedded Multiplier 9-bit elements ; N/A until Partition Merge                ;
; Total PLLs                         ; N/A until Partition Merge                ;
+------------------------------------+------------------------------------------+


+----------------------------------------------------------------------------------------------------------------------------+
; Analysis & Synthesis Settings                                                                                              ;
+----------------------------------------------------------------------------+-----------------------+-----------------------+
; Option                                                                     ; Setting               ; Default Value         ;
+----------------------------------------------------------------------------+-----------------------+-----------------------+
; Device                                                                     ; EP2C20F484C7          ;                       ;
; Top-level entity name                                                      ; UART_LOOPBACK_CYC1000 ; UART_LOOPBACK_CYC1000 ;
; Family name                                                                ; Cyclone II            ; Cyclone IV GX         ;
; Use smart compilation                                                      ; Off                   ; Off                   ;
; Enable parallel Assembler and TimeQuest Timing Analyzer during compilation ; On                    ; On                    ;
; Enable compact report table                                                ; Off                   ; Off                   ;
; Restructure Multiplexers                                                   ; Auto                  ; Auto                  ;
; Create Debugging Nodes for IP Cores                                        ; Off                   ; Off                   ;
; Preserve fewer node names                                                  ; On                    ; On                    ;
; Disable OpenCore Plus hardware evaluation                                  ; Off                   ; Off                   ;
; Verilog Version                                                            ; Verilog_2001          ; Verilog_2001          ;
; VHDL Version                                                               ; VHDL_1993             ; VHDL_1993             ;
; State Machine Processing                                                   ; Auto                  ; Auto                  ;
; Safe State Machine                                                         ; Off                   ; Off                   ;
; Extract Verilog State Machines                                             ; On                    ; On                    ;
; Extract VHDL State Machines                                                ; On                    ; On                    ;
; Ignore Verilog initial constructs                                          ; Off                   ; Off                   ;
; Iteration limit for constant Verilog loops                                 ; 5000                  ; 5000                  ;
; Iteration limit for non-constant Verilog loops                             ; 250                   ; 250                   ;
; Add Pass-Through Logic to Inferred RAMs                                    ; On                    ; On                    ;
; Infer RAMs from Raw Logic                                                  ; On                    ; On                    ;
; Parallel Synthesis                                                         ; On                    ; On                    ;
; DSP Block Balancing                                                        ; Auto                  ; Auto                  ;
; NOT Gate Push-Back                                                         ; On                    ; On                    ;
; Power-Up Don't Care                                                        ; On                    ; On                    ;
; Remove Redundant Logic Cells                                               ; Off                   ; Off                   ;
; Remove Duplicate Registers                                                 ; On                    ; On                    ;
; Ignore CARRY Buffers                                                       ; Off                   ; Off                   ;
; Ignore CASCADE Buffers                                                     ; Off                   ; Off                   ;
; Ignore GLOBAL Buffers                                                      ; Off                   ; Off                   ;
; Ignore ROW GLOBAL Buffers                                                  ; Off                   ; Off                   ;
; Ignore LCELL Buffers                                                       ; Off                   ; Off                   ;
; Ignore SOFT Buffers                                                        ; On                    ; On                    ;
; Limit AHDL Integers to 32 Bits                                             ; Off                   ; Off                   ;
; Optimization Technique                                                     ; Balanced              ; Balanced              ;
; Carry Chain Length                                                         ; 70                    ; 70                    ;
; Auto Carry Chains                                                          ; On                    ; On                    ;
; Auto Open-Drain Pins                                                       ; On                    ; On                    ;
; Perform WYSIWYG Primitive Resynthesis                                      ; Off                   ; Off                   ;
; Auto ROM Replacement                                                       ; On                    ; On                    ;
; Auto RAM Replacement                                                       ; On                    ; On                    ;
; Auto Shift Register Replacement                                            ; Auto                  ; Auto                  ;
; Allow Shift Register Merging across Hierarchies                            ; Auto                  ; Auto                  ;
; Auto Clock Enable Replacement                                              ; On                    ; On                    ;
; Strict RAM Replacement                                                     ; Off                   ; Off                   ;
; Allow Synchronous Control Signals                                          ; On                    ; On                    ;
; Force Use of Synchronous Clear Signals                                     ; Off                   ; Off                   ;
; Auto RAM to Logic Cell Conversion                                          ; Off                   ; Off                   ;
; Auto Resource Sharing                                                      ; Off                   ; Off                   ;
; Allow Any RAM Size For Recognition                                         ; Off                   ; Off                   ;
; Allow Any ROM Size For Recognition                                         ; Off                   ; Off                   ;
; Allow Any Shift Register Size For Recognition                              ; Off                   ; Off                   ;
; Use LogicLock Constraints during Resource Balancing                        ; On                    ; On                    ;
; Ignore translate_off and synthesis_off directives                          ; Off                   ; Off                   ;
; Timing-Driven Synthesis                                                    ; Off                   ; Off                   ;
; Report Parameter Settings                                                  ; On                    ; On                    ;
; Report Source Assignments                                                  ; On                    ; On                    ;
; Report Connectivity Checks                                                 ; On                    ; On                    ;
; Ignore Maximum Fan-Out Assignments                                         ; Off                   ; Off                   ;
; Synchronization Register Chain Length                                      ; 2                     ; 2                     ;
; PowerPlay Power Optimization                                               ; Normal compilation    ; Normal compilation    ;
; HDL message level                                                          ; Level2                ; Level2                ;
; Suppress Register Optimization Related Messages                            ; Off                   ; Off                   ;
; Number of Removed Registers Reported in Synthesis Report                   ; 5000                  ; 5000                  ;
; Number of Swept Nodes Reported in Synthesis Report                         ; 5000                  ; 5000                  ;
; Number of Inverted Registers Reported in Synthesis Report                  ; 100                   ; 100                   ;
; Clock MUX Protection                                                       ; On                    ; On                    ;
; Auto Gated Clock Conversion                                                ; Off                   ; Off                   ;
; Block Design Naming                                                        ; Auto                  ; Auto                  ;
; SDC constraint protection                                                  ; Off                   ; Off                   ;
; Synthesis Effort                                                           ; Auto                  ; Auto                  ;
; Shift Register Replacement - Allow Asynchronous Clear Signal               ; On                    ; On                    ;
; Pre-Mapping Resynthesis Optimization                                       ; Off                   ; Off                   ;
; Analysis & Synthesis Message Level                                         ; Medium                ; Medium                ;
; Disable Register Merging Across Hierarchies                                ; Auto                  ; Auto                  ;
; Resource Aware Inference For Block RAM                                     ; On                    ; On                    ;
; Synthesis Seed                                                             ; 1                     ; 1                     ;
+----------------------------------------------------------------------------+-----------------------+-----------------------+


+------------------------------------------+
; Parallel Compilation                     ;
+----------------------------+-------------+
; Processors                 ; Number      ;
+----------------------------+-------------+
; Number detected on machine ; 4           ;
; Maximum allowed            ; 2           ;
;                            ;             ;
; Average used               ; 1.00        ;
; Maximum used               ; 1           ;
;                            ;             ;
; Usage by Processor         ; % Time Used ;
;     1 processor            ; 100.0%      ;
;     2-4 processors         ;   0.0%      ;
+----------------------------+-------------+


+-------------------------------+
; Analysis & Synthesis Messages ;
+-------------------------------+
Info: *******************************************************************
Info: Running Quartus II 64-Bit Analysis & Synthesis
    Info: Version 12.1 Build 177 11/07/2012 SJ Web Edition
    Info: Processing started: Sat Aug 28 17:05:12 2021
Info: Command: quartus_map --read_settings_files=on --write_settings_files=off uart_loopback_cyc1000 -c UART_LOOPBACK_CYC1000
Info (11104): Parallel Compilation has detected 4 hyper-threaded processors. However, the extra hyper-threaded processors will not be used by default. Parallel Compilation will use 2 of the 2 physical processors detected instead.
Info (12021): Found 2 design units, including 1 entities, in source file /users/elads/desktop/lab6_final/uart-for-fpga/rtl/comp/uart_clk_div.vhd
    Info (12022): Found design unit 1: UART_CLK_DIV-RTL
    Info (12023): Found entity 1: UART_CLK_DIV
Info (12021): Found 2 design units, including 1 entities, in source file /users/elads/desktop/lab6_final/uart-for-fpga/rtl/comp/uart_parity.vhd
    Info (12022): Found design unit 1: UART_PARITY-RTL
    Info (12023): Found entity 1: UART_PARITY
Info (12021): Found 2 design units, including 1 entities, in source file /users/elads/desktop/lab6_final/uart-for-fpga/rtl/comp/uart_debouncer.vhd
    Info (12022): Found design unit 1: UART_DEBOUNCER-RTL
    Info (12023): Found entity 1: UART_DEBOUNCER
Info (12021): Found 2 design units, including 1 entities, in source file /users/elads/desktop/lab6_final/uart-for-fpga/rtl/comp/uart_tx.vhd
    Info (12022): Found design unit 1: UART_TX-RTL
    Info (12023): Found entity 1: UART_TX
Info (12021): Found 2 design units, including 1 entities, in source file /users/elads/desktop/lab6_final/uart-for-fpga/rtl/comp/uart_rx.vhd
    Info (12022): Found design unit 1: UART_RX-RTL
    Info (12023): Found entity 1: UART_RX
Info (12021): Found 2 design units, including 1 entities, in source file /users/elads/desktop/lab6_final/uart-for-fpga/rtl/uart.vhd
    Info (12022): Found design unit 1: UART-RTL
    Info (12023): Found entity 1: UART
Info (12021): Found 2 design units, including 1 entities, in source file /users/elads/desktop/lab6_final/uart-for-fpga/examples/common/rst_sync.vhd
    Info (12022): Found design unit 1: RST_SYNC-RTL
    Info (12023): Found entity 1: RST_SYNC
Info (12021): Found 2 design units, including 1 entities, in source file /users/elads/desktop/lab6_final/uart-for-fpga/examples/loopback/uart_loopback_cyc1000.vhd
    Info (12022): Found design unit 1: UART_LOOPBACK_CYC1000-RTL
    Info (12023): Found entity 1: UART_LOOPBACK_CYC1000
Error (10346): VHDL error at uart_tx.vhd(104): formal port or parameter "PARITY_MODE" must have actual or default value File: C:/Users/elads/Desktop/LAB6_FINAL/uart-for-fpga/rtl/comp/uart_tx.vhd Line: 104
Error (10784): HDL error at uart_parity.vhd(20): see declaration for object "PARITY_MODE" File: C:/Users/elads/Desktop/LAB6_FINAL/uart-for-fpga/rtl/comp/uart_parity.vhd Line: 20
Error: Quartus II 64-Bit Analysis & Synthesis was unsuccessful. 2 errors, 0 warnings
    Error: Peak virtual memory: 4636 megabytes
    Error: Processing ended: Sat Aug 28 17:05:15 2021
    Error: Elapsed time: 00:00:03
    Error: Total CPU time (on all processors): 00:00:02


